2023-04-27 21:47:51,525{GMT}	INFO	[jepsen test runner] jepsen.core: Test version eac23abd4cfef5054b4ec0621d50072337b4ba9d (plus uncommitted changes)
2023-04-27 21:47:51,526{GMT}	INFO	[jepsen test runner] jepsen.core: Command line:
lein run test -w echo --bin /home/chanfun/go/bin/maelstrom-echo --node-count 1 --time-limit 10
2023-04-27 21:47:51,584{GMT}	INFO	[jepsen test runner] jepsen.core: Running test:
{:args []
 :remote
 #jepsen.control.retry.Remote{:remote #jepsen.control.scp.Remote{:cmd-remote #jepsen.control.sshj.SSHJRemote{:concurrency-limit 6,
                                                                                                             :conn-spec nil,
                                                                                                             :client nil,
                                                                                                             :semaphore nil},
                                                                 :conn-spec nil},
                              :conn nil}
 :log-net-send false
 :node-count 1
 :availability nil
 :max-txn-length 4
 :concurrency 1
 :db
 #object[maelstrom.db$db$reify__16142
         "0x61d1315b"
         "maelstrom.db$db$reify__16142@61d1315b"]
 :max-writes-per-key 16
 :leave-db-running? false
 :name "echo"
 :logging-json? false
 :start-time
 #object[org.joda.time.DateTime "0x9c88323" "2023-04-27T21:47:51.504+08:00"]
 :nemesis-interval 10
 :net
 #object[maelstrom.net$jepsen_net$reify__15251
         "0x6d4bdb75"
         "maelstrom.net$jepsen_net$reify__15251@6d4bdb75"]
 :client
 #object[maelstrom.workload.echo$client$reify__16863
         "0x1dc47df3"
         "maelstrom.workload.echo$client$reify__16863@1dc47df3"]
 :barrier
 #object[java.util.concurrent.CyclicBarrier
         "0x256a25a8"
         "java.util.concurrent.CyclicBarrier@256a25a8"]
 :log-stderr false
 :pure-generators true
 :ssh {:dummy? true}
 :rate 5
 :checker
 #object[jepsen.checker$compose$reify__11881
         "0x68f67bbd"
         "jepsen.checker$compose$reify__11881@68f67bbd"]
 :argv
 ("test"
  "-w"
  "echo"
  "--bin"
  "/home/chanfun/go/bin/maelstrom-echo"
  "--node-count"
  "1"
  "--time-limit"
  "10")
 :nemesis
 (jepsen.nemesis.ReflCompose
  {:fm {:start-partition 0,
        :stop-partition 0,
        :kill 1,
        :start 1,
        :pause 1,
        :resume 1},
   :nemeses [#unprintable "jepsen.nemesis.combined$partition_nemesis$reify__16416@5bd585a5"
             #unprintable "jepsen.nemesis.combined$db_nemesis$reify__16397@65c040c9"]})
 :nodes ["n0"]
 :test-count 1
 :latency {:mean 0, :dist :constant}
 :bin "/home/chanfun/go/bin/maelstrom-echo"
 :generator
 (jepsen.generator.TimeLimit
  {:limit 10000000000,
   :cutoff nil,
   :gen (jepsen.generator.Any
         {:gens [(jepsen.generator.OnThreads
                  {:f #{:nemesis},
                   :context-filter #object[jepsen.generator.context$make_thread_filter$lazy_filter__9167
                                           "0x797a5b31"
                                           "jepsen.generator.context$make_thread_filter$lazy_filter__9167@797a5b31"],
                   :gen nil})
                 (jepsen.generator.OnThreads
                  {:f #jepsen.generator.context.AllBut{:element :nemesis},
                   :context-filter #object[jepsen.generator.context$make_thread_filter$lazy_filter__9167
                                           "0x13d7d1a8"
                                           "jepsen.generator.context$make_thread_filter$lazy_filter__9167@13d7d1a8"],
                   :gen (jepsen.generator.Stagger
                         {:dt 400000000,
                          :next-time nil,
                          :gen (jepsen.generator.EachThread
                                {:fresh-gen #object[maelstrom.workload.echo$workload$fn__16882
                                                    "0x60035f1e"
                                                    "maelstrom.workload.echo$workload$fn__16882@60035f1e"],
                                 :context-filters #object[clojure.core$promise$reify__8591
                                                          "0x5827908c"
                                                          {:status :pending,
                                                           :val nil}],
                                 :gens {}})})})]})})
 :log-net-recv false
 :os
 #object[maelstrom.net$jepsen_os$reify__15254
         "0x732ffb6a"
         "maelstrom.net$jepsen_os$reify__15254@732ffb6a"]
 :time-limit 10
 :workload :echo
 :consistency-models [:strict-serializable]
 :topology :grid}

2023-04-27 21:47:52,841{GMT}	INFO	[jepsen node n0] maelstrom.net: Starting Maelstrom network
2023-04-27 21:47:52,842{GMT}	INFO	[jepsen test runner] jepsen.db: Tearing down DB
2023-04-27 21:47:52,843{GMT}	INFO	[jepsen test runner] jepsen.db: Setting up DB
2023-04-27 21:47:52,845{GMT}	INFO	[jepsen node n0] maelstrom.service: Starting services: (lin-kv lin-tso lww-kv seq-kv)
2023-04-27 21:47:52,846{GMT}	INFO	[jepsen node n0] maelstrom.db: Setting up n0
2023-04-27 21:47:52,846{GMT}	INFO	[jepsen node n0] maelstrom.process: launching /home/chanfun/go/bin/maelstrom-echo []
2023-04-27 21:47:52,863{GMT}	INFO	[jepsen test runner] jepsen.core: Relative time begins now
2023-04-27 21:47:52,875{GMT}	INFO	[jepsen worker 0] jepsen.util: 0	:invoke	:echo	"Please echo 97"
2023-04-27 21:47:52,882{GMT}	INFO	[jepsen worker 0] jepsen.util: 0	:ok	:echo	{:echo "Please echo 97", :in_reply_to 1, :msg_id 1, :type "echo_ok"}
2023-04-27 21:47:52,952{GMT}	INFO	[jepsen worker 0] jepsen.util: 0	:invoke	:echo	"Please echo 112"
2023-04-27 21:47:52,954{GMT}	INFO	[jepsen worker 0] jepsen.util: 0	:ok	:echo	{:echo "Please echo 112", :in_reply_to 2, :msg_id 2, :type "echo_ok"}
2023-04-27 21:47:53,291{GMT}	INFO	[jepsen worker 0] jepsen.util: 0	:invoke	:echo	"Please echo 77"
2023-04-27 21:47:53,293{GMT}	INFO	[jepsen worker 0] jepsen.util: 0	:ok	:echo	{:echo "Please echo 77", :in_reply_to 3, :msg_id 3, :type "echo_ok"}
2023-04-27 21:47:53,425{GMT}	INFO	[jepsen worker 0] jepsen.util: 0	:invoke	:echo	"Please echo 104"
2023-04-27 21:47:53,427{GMT}	INFO	[jepsen worker 0] jepsen.util: 0	:ok	:echo	{:echo "Please echo 104", :in_reply_to 4, :msg_id 4, :type "echo_ok"}
2023-04-27 21:47:53,799{GMT}	INFO	[jepsen worker 0] jepsen.util: 0	:invoke	:echo	"Please echo 79"
2023-04-27 21:47:53,802{GMT}	INFO	[jepsen worker 0] jepsen.util: 0	:ok	:echo	{:echo "Please echo 79", :in_reply_to 5, :msg_id 5, :type "echo_ok"}
2023-04-27 21:47:54,058{GMT}	INFO	[jepsen worker 0] jepsen.util: 0	:invoke	:echo	"Please echo 98"
2023-04-27 21:47:54,060{GMT}	INFO	[jepsen worker 0] jepsen.util: 0	:ok	:echo	{:echo "Please echo 98", :in_reply_to 6, :msg_id 6, :type "echo_ok"}
2023-04-27 21:47:54,177{GMT}	INFO	[jepsen worker 0] jepsen.util: 0	:invoke	:echo	"Please echo 113"
2023-04-27 21:47:54,179{GMT}	INFO	[jepsen worker 0] jepsen.util: 0	:ok	:echo	{:echo "Please echo 113", :in_reply_to 7, :msg_id 7, :type "echo_ok"}
2023-04-27 21:47:54,558{GMT}	INFO	[jepsen worker 0] jepsen.util: 0	:invoke	:echo	"Please echo 111"
2023-04-27 21:47:54,560{GMT}	INFO	[jepsen worker 0] jepsen.util: 0	:ok	:echo	{:echo "Please echo 111", :in_reply_to 8, :msg_id 8, :type "echo_ok"}
2023-04-27 21:47:54,658{GMT}	INFO	[jepsen worker 0] jepsen.util: 0	:invoke	:echo	"Please echo 21"
2023-04-27 21:47:54,660{GMT}	INFO	[jepsen worker 0] jepsen.util: 0	:ok	:echo	{:echo "Please echo 21", :in_reply_to 9, :msg_id 9, :type "echo_ok"}
2023-04-27 21:47:54,990{GMT}	INFO	[jepsen worker 0] jepsen.util: 0	:invoke	:echo	"Please echo 68"
2023-04-27 21:47:54,992{GMT}	INFO	[jepsen worker 0] jepsen.util: 0	:ok	:echo	{:echo "Please echo 68", :in_reply_to 10, :msg_id 10, :type "echo_ok"}
2023-04-27 21:47:55,292{GMT}	INFO	[jepsen worker 0] jepsen.util: 0	:invoke	:echo	"Please echo 46"
2023-04-27 21:47:55,293{GMT}	INFO	[jepsen worker 0] jepsen.util: 0	:ok	:echo	{:echo "Please echo 46", :in_reply_to 11, :msg_id 11, :type "echo_ok"}
2023-04-27 21:47:55,410{GMT}	INFO	[jepsen worker 0] jepsen.util: 0	:invoke	:echo	"Please echo 28"
2023-04-27 21:47:55,412{GMT}	INFO	[jepsen worker 0] jepsen.util: 0	:ok	:echo	{:echo "Please echo 28", :in_reply_to 12, :msg_id 12, :type "echo_ok"}
2023-04-27 21:47:55,743{GMT}	INFO	[jepsen worker 0] jepsen.util: 0	:invoke	:echo	"Please echo 62"
2023-04-27 21:47:55,744{GMT}	INFO	[jepsen worker 0] jepsen.util: 0	:ok	:echo	{:echo "Please echo 62", :in_reply_to 13, :msg_id 13, :type "echo_ok"}
2023-04-27 21:47:55,975{GMT}	INFO	[jepsen worker 0] jepsen.util: 0	:invoke	:echo	"Please echo 127"
2023-04-27 21:47:55,977{GMT}	INFO	[jepsen worker 0] jepsen.util: 0	:ok	:echo	{:echo "Please echo 127", :in_reply_to 14, :msg_id 14, :type "echo_ok"}
2023-04-27 21:47:56,301{GMT}	INFO	[jepsen worker 0] jepsen.util: 0	:invoke	:echo	"Please echo 115"
2023-04-27 21:47:56,304{GMT}	INFO	[jepsen worker 0] jepsen.util: 0	:ok	:echo	{:echo "Please echo 115", :in_reply_to 15, :msg_id 15, :type "echo_ok"}
2023-04-27 21:47:56,328{GMT}	INFO	[jepsen worker 0] jepsen.util: 0	:invoke	:echo	"Please echo 17"
2023-04-27 21:47:56,329{GMT}	INFO	[jepsen worker 0] jepsen.util: 0	:ok	:echo	{:echo "Please echo 17", :in_reply_to 16, :msg_id 16, :type "echo_ok"}
2023-04-27 21:47:56,636{GMT}	INFO	[jepsen worker 0] jepsen.util: 0	:invoke	:echo	"Please echo 54"
2023-04-27 21:47:56,638{GMT}	INFO	[jepsen worker 0] jepsen.util: 0	:ok	:echo	{:echo "Please echo 54", :in_reply_to 17, :msg_id 17, :type "echo_ok"}
2023-04-27 21:47:56,762{GMT}	INFO	[jepsen worker 0] jepsen.util: 0	:invoke	:echo	"Please echo 106"
2023-04-27 21:47:56,764{GMT}	INFO	[jepsen worker 0] jepsen.util: 0	:ok	:echo	{:echo "Please echo 106", :in_reply_to 18, :msg_id 18, :type "echo_ok"}
2023-04-27 21:47:56,951{GMT}	INFO	[jepsen worker 0] jepsen.util: 0	:invoke	:echo	"Please echo 80"
2023-04-27 21:47:56,953{GMT}	INFO	[jepsen worker 0] jepsen.util: 0	:ok	:echo	{:echo "Please echo 80", :in_reply_to 19, :msg_id 19, :type "echo_ok"}
2023-04-27 21:47:57,276{GMT}	INFO	[jepsen worker 0] jepsen.util: 0	:invoke	:echo	"Please echo 57"
2023-04-27 21:47:57,278{GMT}	INFO	[jepsen worker 0] jepsen.util: 0	:ok	:echo	{:echo "Please echo 57", :in_reply_to 20, :msg_id 20, :type "echo_ok"}
2023-04-27 21:47:57,342{GMT}	INFO	[jepsen worker 0] jepsen.util: 0	:invoke	:echo	"Please echo 12"
2023-04-27 21:47:57,344{GMT}	INFO	[jepsen worker 0] jepsen.util: 0	:ok	:echo	{:echo "Please echo 12", :in_reply_to 21, :msg_id 21, :type "echo_ok"}
2023-04-27 21:47:57,716{GMT}	INFO	[jepsen worker 0] jepsen.util: 0	:invoke	:echo	"Please echo 106"
2023-04-27 21:47:57,718{GMT}	INFO	[jepsen worker 0] jepsen.util: 0	:ok	:echo	{:echo "Please echo 106", :in_reply_to 22, :msg_id 22, :type "echo_ok"}
2023-04-27 21:47:57,844{GMT}	INFO	[jepsen worker 0] jepsen.util: 0	:invoke	:echo	"Please echo 59"
2023-04-27 21:47:57,846{GMT}	INFO	[jepsen worker 0] jepsen.util: 0	:ok	:echo	{:echo "Please echo 59", :in_reply_to 23, :msg_id 23, :type "echo_ok"}
2023-04-27 21:47:57,968{GMT}	INFO	[jepsen worker 0] jepsen.util: 0	:invoke	:echo	"Please echo 21"
2023-04-27 21:47:57,970{GMT}	INFO	[jepsen worker 0] jepsen.util: 0	:ok	:echo	{:echo "Please echo 21", :in_reply_to 24, :msg_id 24, :type "echo_ok"}
2023-04-27 21:47:58,112{GMT}	INFO	[jepsen worker 0] jepsen.util: 0	:invoke	:echo	"Please echo 101"
2023-04-27 21:47:58,114{GMT}	INFO	[jepsen worker 0] jepsen.util: 0	:ok	:echo	{:echo "Please echo 101", :in_reply_to 25, :msg_id 25, :type "echo_ok"}
2023-04-27 21:47:58,352{GMT}	INFO	[jepsen worker 0] jepsen.util: 0	:invoke	:echo	"Please echo 35"
2023-04-27 21:47:58,354{GMT}	INFO	[jepsen worker 0] jepsen.util: 0	:ok	:echo	{:echo "Please echo 35", :in_reply_to 26, :msg_id 26, :type "echo_ok"}
2023-04-27 21:47:58,433{GMT}	INFO	[jepsen worker 0] jepsen.util: 0	:invoke	:echo	"Please echo 93"
2023-04-27 21:47:58,435{GMT}	INFO	[jepsen worker 0] jepsen.util: 0	:ok	:echo	{:echo "Please echo 93", :in_reply_to 27, :msg_id 27, :type "echo_ok"}
2023-04-27 21:47:58,500{GMT}	INFO	[jepsen worker 0] jepsen.util: 0	:invoke	:echo	"Please echo 91"
2023-04-27 21:47:58,502{GMT}	INFO	[jepsen worker 0] jepsen.util: 0	:ok	:echo	{:echo "Please echo 91", :in_reply_to 28, :msg_id 28, :type "echo_ok"}
2023-04-27 21:47:58,604{GMT}	INFO	[jepsen worker 0] jepsen.util: 0	:invoke	:echo	"Please echo 91"
2023-04-27 21:47:58,606{GMT}	INFO	[jepsen worker 0] jepsen.util: 0	:ok	:echo	{:echo "Please echo 91", :in_reply_to 29, :msg_id 29, :type "echo_ok"}
2023-04-27 21:47:58,620{GMT}	INFO	[jepsen worker 0] jepsen.util: 0	:invoke	:echo	"Please echo 105"
2023-04-27 21:47:58,622{GMT}	INFO	[jepsen worker 0] jepsen.util: 0	:ok	:echo	{:echo "Please echo 105", :in_reply_to 30, :msg_id 30, :type "echo_ok"}
2023-04-27 21:47:58,745{GMT}	INFO	[jepsen worker 0] jepsen.util: 0	:invoke	:echo	"Please echo 108"
2023-04-27 21:47:58,747{GMT}	INFO	[jepsen worker 0] jepsen.util: 0	:ok	:echo	{:echo "Please echo 108", :in_reply_to 31, :msg_id 31, :type "echo_ok"}
2023-04-27 21:47:59,142{GMT}	INFO	[jepsen worker 0] jepsen.util: 0	:invoke	:echo	"Please echo 110"
2023-04-27 21:47:59,143{GMT}	INFO	[jepsen worker 0] jepsen.util: 0	:ok	:echo	{:echo "Please echo 110", :in_reply_to 32, :msg_id 32, :type "echo_ok"}
2023-04-27 21:47:59,254{GMT}	INFO	[jepsen worker 0] jepsen.util: 0	:invoke	:echo	"Please echo 70"
2023-04-27 21:47:59,256{GMT}	INFO	[jepsen worker 0] jepsen.util: 0	:ok	:echo	{:echo "Please echo 70", :in_reply_to 33, :msg_id 33, :type "echo_ok"}
2023-04-27 21:47:59,344{GMT}	INFO	[jepsen worker 0] jepsen.util: 0	:invoke	:echo	"Please echo 67"
2023-04-27 21:47:59,346{GMT}	INFO	[jepsen worker 0] jepsen.util: 0	:ok	:echo	{:echo "Please echo 67", :in_reply_to 34, :msg_id 34, :type "echo_ok"}
2023-04-27 21:47:59,451{GMT}	INFO	[Jepsen shutdown hook] jepsen.core: Downloading DB logs before JVM shutdown...
