2023/04/27 21:47:52 Received {c0 n0 {"type":"init","node_id":"n0","node_ids":["n0"],"msg_id":1}}
2023/04/27 21:47:52 Node n0 initialized
2023/04/27 21:47:52 Sent {"src":"n0","dest":"c0","body":{"in_reply_to":1,"type":"init_ok"}}
2023/04/27 21:47:52 Received {c2 n0 {"echo":"Please echo 97","type":"echo","msg_id":1}}
2023/04/27 21:47:52 Sent {"src":"n0","dest":"c2","body":{"echo":"Please echo 97","in_reply_to":1,"msg_id":1,"type":"echo_ok"}}
2023/04/27 21:47:52 Received {c2 n0 {"echo":"Please echo 112","type":"echo","msg_id":2}}
2023/04/27 21:47:52 Sent {"src":"n0","dest":"c2","body":{"echo":"Please echo 112","in_reply_to":2,"msg_id":2,"type":"echo_ok"}}
2023/04/27 21:47:53 Received {c2 n0 {"echo":"Please echo 77","type":"echo","msg_id":3}}
2023/04/27 21:47:53 Sent {"src":"n0","dest":"c2","body":{"echo":"Please echo 77","in_reply_to":3,"msg_id":3,"type":"echo_ok"}}
2023/04/27 21:47:53 Received {c2 n0 {"echo":"Please echo 104","type":"echo","msg_id":4}}
2023/04/27 21:47:53 Sent {"src":"n0","dest":"c2","body":{"echo":"Please echo 104","in_reply_to":4,"msg_id":4,"type":"echo_ok"}}
2023/04/27 21:47:53 Received {c2 n0 {"echo":"Please echo 79","type":"echo","msg_id":5}}
2023/04/27 21:47:53 Sent {"src":"n0","dest":"c2","body":{"echo":"Please echo 79","in_reply_to":5,"msg_id":5,"type":"echo_ok"}}
2023/04/27 21:47:54 Received {c2 n0 {"echo":"Please echo 98","type":"echo","msg_id":6}}
2023/04/27 21:47:54 Sent {"src":"n0","dest":"c2","body":{"echo":"Please echo 98","in_reply_to":6,"msg_id":6,"type":"echo_ok"}}
2023/04/27 21:47:54 Received {c2 n0 {"echo":"Please echo 113","type":"echo","msg_id":7}}
2023/04/27 21:47:54 Sent {"src":"n0","dest":"c2","body":{"echo":"Please echo 113","in_reply_to":7,"msg_id":7,"type":"echo_ok"}}
2023/04/27 21:47:54 Received {c2 n0 {"echo":"Please echo 111","type":"echo","msg_id":8}}
2023/04/27 21:47:54 Sent {"src":"n0","dest":"c2","body":{"echo":"Please echo 111","in_reply_to":8,"msg_id":8,"type":"echo_ok"}}
2023/04/27 21:47:54 Received {c2 n0 {"echo":"Please echo 21","type":"echo","msg_id":9}}
2023/04/27 21:47:54 Sent {"src":"n0","dest":"c2","body":{"echo":"Please echo 21","in_reply_to":9,"msg_id":9,"type":"echo_ok"}}
2023/04/27 21:47:54 Received {c2 n0 {"echo":"Please echo 68","type":"echo","msg_id":10}}
2023/04/27 21:47:54 Sent {"src":"n0","dest":"c2","body":{"echo":"Please echo 68","in_reply_to":10,"msg_id":10,"type":"echo_ok"}}
2023/04/27 21:47:55 Received {c2 n0 {"echo":"Please echo 46","type":"echo","msg_id":11}}
2023/04/27 21:47:55 Sent {"src":"n0","dest":"c2","body":{"echo":"Please echo 46","in_reply_to":11,"msg_id":11,"type":"echo_ok"}}
2023/04/27 21:47:55 Received {c2 n0 {"echo":"Please echo 28","type":"echo","msg_id":12}}
2023/04/27 21:47:55 Sent {"src":"n0","dest":"c2","body":{"echo":"Please echo 28","in_reply_to":12,"msg_id":12,"type":"echo_ok"}}
2023/04/27 21:47:55 Received {c2 n0 {"echo":"Please echo 62","type":"echo","msg_id":13}}
2023/04/27 21:47:55 Sent {"src":"n0","dest":"c2","body":{"echo":"Please echo 62","in_reply_to":13,"msg_id":13,"type":"echo_ok"}}
2023/04/27 21:47:55 Received {c2 n0 {"echo":"Please echo 127","type":"echo","msg_id":14}}
2023/04/27 21:47:55 Sent {"src":"n0","dest":"c2","body":{"echo":"Please echo 127","in_reply_to":14,"msg_id":14,"type":"echo_ok"}}
2023/04/27 21:47:56 Received {c2 n0 {"echo":"Please echo 115","type":"echo","msg_id":15}}
2023/04/27 21:47:56 Sent {"src":"n0","dest":"c2","body":{"echo":"Please echo 115","in_reply_to":15,"msg_id":15,"type":"echo_ok"}}
2023/04/27 21:47:56 Received {c2 n0 {"echo":"Please echo 17","type":"echo","msg_id":16}}
2023/04/27 21:47:56 Sent {"src":"n0","dest":"c2","body":{"echo":"Please echo 17","in_reply_to":16,"msg_id":16,"type":"echo_ok"}}
2023/04/27 21:47:56 Received {c2 n0 {"echo":"Please echo 54","type":"echo","msg_id":17}}
2023/04/27 21:47:56 Sent {"src":"n0","dest":"c2","body":{"echo":"Please echo 54","in_reply_to":17,"msg_id":17,"type":"echo_ok"}}
2023/04/27 21:47:56 Received {c2 n0 {"echo":"Please echo 106","type":"echo","msg_id":18}}
2023/04/27 21:47:56 Sent {"src":"n0","dest":"c2","body":{"echo":"Please echo 106","in_reply_to":18,"msg_id":18,"type":"echo_ok"}}
2023/04/27 21:47:56 Received {c2 n0 {"echo":"Please echo 80","type":"echo","msg_id":19}}
2023/04/27 21:47:56 Sent {"src":"n0","dest":"c2","body":{"echo":"Please echo 80","in_reply_to":19,"msg_id":19,"type":"echo_ok"}}
2023/04/27 21:47:57 Received {c2 n0 {"echo":"Please echo 57","type":"echo","msg_id":20}}
2023/04/27 21:47:57 Sent {"src":"n0","dest":"c2","body":{"echo":"Please echo 57","in_reply_to":20,"msg_id":20,"type":"echo_ok"}}
2023/04/27 21:47:57 Received {c2 n0 {"echo":"Please echo 12","type":"echo","msg_id":21}}
2023/04/27 21:47:57 Sent {"src":"n0","dest":"c2","body":{"echo":"Please echo 12","in_reply_to":21,"msg_id":21,"type":"echo_ok"}}
2023/04/27 21:47:57 Received {c2 n0 {"echo":"Please echo 106","type":"echo","msg_id":22}}
2023/04/27 21:47:57 Sent {"src":"n0","dest":"c2","body":{"echo":"Please echo 106","in_reply_to":22,"msg_id":22,"type":"echo_ok"}}
2023/04/27 21:47:57 Received {c2 n0 {"echo":"Please echo 59","type":"echo","msg_id":23}}
2023/04/27 21:47:57 Sent {"src":"n0","dest":"c2","body":{"echo":"Please echo 59","in_reply_to":23,"msg_id":23,"type":"echo_ok"}}
2023/04/27 21:47:57 Received {c2 n0 {"echo":"Please echo 21","type":"echo","msg_id":24}}
2023/04/27 21:47:57 Sent {"src":"n0","dest":"c2","body":{"echo":"Please echo 21","in_reply_to":24,"msg_id":24,"type":"echo_ok"}}
2023/04/27 21:47:58 Received {c2 n0 {"echo":"Please echo 101","type":"echo","msg_id":25}}
2023/04/27 21:47:58 Sent {"src":"n0","dest":"c2","body":{"echo":"Please echo 101","in_reply_to":25,"msg_id":25,"type":"echo_ok"}}
2023/04/27 21:47:58 Received {c2 n0 {"echo":"Please echo 35","type":"echo","msg_id":26}}
2023/04/27 21:47:58 Sent {"src":"n0","dest":"c2","body":{"echo":"Please echo 35","in_reply_to":26,"msg_id":26,"type":"echo_ok"}}
2023/04/27 21:47:58 Received {c2 n0 {"echo":"Please echo 93","type":"echo","msg_id":27}}
2023/04/27 21:47:58 Sent {"src":"n0","dest":"c2","body":{"echo":"Please echo 93","in_reply_to":27,"msg_id":27,"type":"echo_ok"}}
2023/04/27 21:47:58 Received {c2 n0 {"echo":"Please echo 91","type":"echo","msg_id":28}}
2023/04/27 21:47:58 Sent {"src":"n0","dest":"c2","body":{"echo":"Please echo 91","in_reply_to":28,"msg_id":28,"type":"echo_ok"}}
2023/04/27 21:47:58 Received {c2 n0 {"echo":"Please echo 91","type":"echo","msg_id":29}}
2023/04/27 21:47:58 Sent {"src":"n0","dest":"c2","body":{"echo":"Please echo 91","in_reply_to":29,"msg_id":29,"type":"echo_ok"}}
2023/04/27 21:47:58 Received {c2 n0 {"echo":"Please echo 105","type":"echo","msg_id":30}}
2023/04/27 21:47:58 Sent {"src":"n0","dest":"c2","body":{"echo":"Please echo 105","in_reply_to":30,"msg_id":30,"type":"echo_ok"}}
2023/04/27 21:47:58 Received {c2 n0 {"echo":"Please echo 108","type":"echo","msg_id":31}}
2023/04/27 21:47:58 Sent {"src":"n0","dest":"c2","body":{"echo":"Please echo 108","in_reply_to":31,"msg_id":31,"type":"echo_ok"}}
2023/04/27 21:47:59 Received {c2 n0 {"echo":"Please echo 110","type":"echo","msg_id":32}}
2023/04/27 21:47:59 Sent {"src":"n0","dest":"c2","body":{"echo":"Please echo 110","in_reply_to":32,"msg_id":32,"type":"echo_ok"}}
2023/04/27 21:47:59 Received {c2 n0 {"echo":"Please echo 70","type":"echo","msg_id":33}}
2023/04/27 21:47:59 Sent {"src":"n0","dest":"c2","body":{"echo":"Please echo 70","in_reply_to":33,"msg_id":33,"type":"echo_ok"}}
2023/04/27 21:47:59 Received {c2 n0 {"echo":"Please echo 67","type":"echo","msg_id":34}}
2023/04/27 21:47:59 Sent {"src":"n0","dest":"c2","body":{"echo":"Please echo 67","in_reply_to":34,"msg_id":34,"type":"echo_ok"}}
